Log file open, 05/18/17 00:22:21
LogInit:Display: Running engine for game: exam2014184024
LogPlatformFile: Not using cached read wrapper
LogInit:Display: RandInit(96857771) SRandInit(96857771).
LogTaskGraph: Started task graph with 5 named threads and 8 total threads with 1 sets of task threads.
LogStats: Stats thread started at 0.085023
LogInit: Using libcurl 7.47.1
LogInit:  - built for x86_64-pc-win32
LogInit:  - supports SSL with OpenSSL/1.0.2g
LogInit:  - supports HTTP deflate (compression) using libz 1.2.8
LogInit:  - other features:
LogInit:      CURL_VERSION_SSL
LogInit:      CURL_VERSION_LIBZ
LogInit:      CURL_VERSION_IPV6
LogInit:      CURL_VERSION_ASYNCHDNS
LogInit:      CURL_VERSION_LARGEFILE
LogInit:      CURL_VERSION_IDN
LogInit:  CurlRequestOptions (configurable via config and command line):
LogInit:  - bVerifyPeer = false  - Libcurl will NOT verify peer certificate
LogInit:  - bUseHttpProxy = false  - Libcurl will NOT use HTTP proxy
LogInit:  - bDontReuseConnections = false  - Libcurl will reuse connections
LogInit:  - CertBundlePath = nullptr  - Libcurl will use whatever was configured at build time.
LogInit: Build: ++UE4+Release-4.15-CL-3348071
LogInit: Engine Version: 4.15.1-3348071+++UE4+Release-4.15
LogInit: Compatible Engine Version: 4.15.0-3299760+++UE4+Release-4.15
LogInit: Net CL: 3299760
LogDevObjectVersion: Number of dev versions registered: 14
LogDevObjectVersion:   Dev-Blueprints (B0D832E4-1F89-4F0D-ACCF-7EB736FD4AA2): 8
LogDevObjectVersion:   Dev-Build (E1C64328-A22C-4D53-A36C-8E866417BD8C): 0
LogDevObjectVersion:   Dev-Core (375EC13C-06E4-48FB-B500-84F0262A717E): 2
LogDevObjectVersion:   Dev-Editor (E4B068ED-F494-42E9-A231-DA0B2E46BB41): 14
LogDevObjectVersion:   Dev-Framework (CFFC743F-43B0-4480-9391-14DF171D2073): 22
LogDevObjectVersion:   Dev-Mobile (B02B49B5-BB20-44E9-A304-32B752E40360): 0
LogDevObjectVersion:   Dev-Networking (A4E4105C-59A1-49B5-A7C5-40C4547EDFEE): 0
LogDevObjectVersion:   Dev-Online (39C831C9-5AE6-47DC-9A44-9C173E1C8E7C): 0
LogDevObjectVersion:   Dev-Physics (78F01B33-EBEA-4F98-B9B4-84EACCB95AA2): 0
LogDevObjectVersion:   Dev-Platform (6631380F-2D4D-43E0-8009-CF276956A95A): 0
LogDevObjectVersion:   Dev-Rendering (12F88B9F-8875-4AFC-A67C-D90C383ABD29): 12
LogDevObjectVersion:   Dev-Sequencer (7B5AE74C-D270-4C10-A958-57980B212A5A): 3
LogDevObjectVersion:   Dev-VR (D7296918-1DD6-4BDD-9DE2-64A83CC13884): 0
LogDevObjectVersion:   Dev-LoadTimes (C2A15278-BFE7-4AFE-6C17-90FF531DF755): 1
LogInit: Compiled (64-bit): Mar 15 2017 16:52:47
LogInit: Compiled with Visual C++: 19.00.23026.00
LogInit: Build Configuration: Development
LogInit: Branch Name: ++UE4+Release-4.15
LogInit: Command line: 
LogInit: Base directory: C:/Program Files/Epic Games/UE_4.15/Engine/Binaries/Win64/
LogInit: Installed Engine Build: 1
LogInit: Presizing for max 8388607 objects, including 0 objects not considered by GC, pre-allocating 0 bytes for permanent pool.
LogInit: Object subsystem initialized
[2017.05.17-15.22.23:140][  0]LogInit: Selected Device Profile: [Windows]
[2017.05.17-15.22.23:141][  0]LogInit: Applying CVar settings loaded from the selected device profile: [Windows]
[2017.05.17-15.22.23:151][  0]LogInit: Computer: DESKTOP-CJPULGD
[2017.05.17-15.22.23:151][  0]LogInit: User: SiHyeon
[2017.05.17-15.22.23:151][  0]LogInit: CPU Page size=65536, Cores=4
[2017.05.17-15.22.23:151][  0]LogInit: High frequency timer resolution =3.117187 MHz
[2017.05.17-15.22.23:151][  0]LogMemory: Memory total: Physical=8.0GB (8GB approx)
[2017.05.17-15.22.23:151][  0]LogMemory: Platform Memory Stats for Windows
[2017.05.17-15.22.23:151][  0]LogMemory: Process Physical Memory: 264.20 MB used, 264.20 MB peak
[2017.05.17-15.22.23:151][  0]LogMemory: Process Virtual Memory: 262.50 MB used, 262.50 MB peak
[2017.05.17-15.22.23:151][  0]LogMemory: Physical Memory: 4516.81 MB used,  3626.48 MB free, 8143.29 MB total
[2017.05.17-15.22.23:151][  0]LogMemory: Virtual Memory: 643.99 MB used,  3626.48 MB free, 134217728.00 MB total
[2017.05.17-15.22.23:338][  0]LogTextLocalizationManager: No specific translations for ('ko-KR') exist, so ('ko') translations will be used.
[2017.05.17-15.22.23:387][  0]LogTextLocalizationManager:Warning: Loaded localization resources contain conflicting entries for (Namespace:KismetSchema, Key:Default):
Localization Resource: (C:/Program Files/Epic Games/UE_4.15/Engine/Content/Localization/EditorTutorials/ko/EditorTutorials.locres) Source String Hash: (940523119) Localized String: (디폴트)
Localization Resource: (C:/Program Files/Epic Games/UE_4.15/Engine/Content/Localization/Engine/ko/Engine.locres) Source String Hash: (940523119) Localized String: (기본)
[2017.05.17-15.22.23:388][  0]LogTextLocalizationManager:Warning: Loaded localization resources contain conflicting entries for (Namespace:UObjectToolTips, Key:AnimNode_AssetPlayerBase:InternalTimeAccumulator):
Localization Resource: (C:/Program Files/Epic Games/UE_4.15/Engine/Content/Localization/EditorTutorials/ko/EditorTutorials.locres) Source String Hash: (502993589) Localized String: (이 노드에서 애셋을 레퍼런싱하는 데 사용되는 누적 시간입니다.)
Localization Resource: (C:/Program Files/Epic Games/UE_4.15/Engine/Content/Localization/ToolTips/ko/ToolTips.locres) Source String Hash: (502993589) Localized String: (내부 시간 누산기 - 이 노드에서 애셋을 레퍼런싱하는 데 사용된 누적 시간입니다.)
Localization Resource: (C:/Program Files/Epic Games/UE_4.15/Engine/Content/Localization/Engine/ko/Engine.locres) Source String Hash: (502993589) Localized String: (이 노드에서 애셋을 레퍼런싱하는 데 사용된 누적 시간입니다.)
[2017.05.17-15.22.23:388][  0]LogTextLocalizationManager:Warning: Loaded localization resources contain conflicting entries for (Namespace:UObjectToolTips, Key:AnimNode_AssetPlayerBase:bIgnoreForRelevancyTest):
Localization Resource: (C:/Program Files/Epic Games/UE_4.15/Engine/Content/Localization/EditorTutorials/ko/EditorTutorials.locres) Source String Hash: (319969718) Localized String: (True 면, 스테이트에서 최고 가중치 애니메이션을 찾는 "Relevant anim" 노드는 이 노드를 무시합니다.
 )
Localization Resource: (C:/Program Files/Epic Games/UE_4.15/Engine/Content/Localization/ToolTips/ko/ToolTips.locres) Source String Hash: (319969718) Localized String: (연관성 테스트에 무시 - true 인 경우 스테이트 내 최고 웨이팅된 애니메이션을 찾는 "Relevant anim" (연관 애님) 노드가
이 노드를 무시합니다.)
Localization Resource: (C:/Program Files/Epic Games/UE_4.15/Engine/Content/Localization/Engine/ko/Engine.locres) Source String Hash: (319969718) Localized String: (True 면 스테이트 내 최고 웨이팅된 애니메이션을 찾는 "Relevant anim" 노드가 무시됩니다.
 )
[2017.05.17-15.22.23:388][  0]LogTextLocalizationManager:Warning: Loaded localization resources contain conflicting entries for (Namespace:UObjectToolTips, Key:AnimNode_AssetPlayerBase:BlendWeight):
Localization Resource: (C:/Program Files/Epic Games/UE_4.15/Engine/Content/Localization/EditorTutorials/ko/EditorTutorials.locres) Source String Hash: (-1232800293) Localized String: (이 노드에 마지막 걸린 블렌드웨이트 입니다.)
Localization Resource: (C:/Program Files/Epic Games/UE_4.15/Engine/Content/Localization/ToolTips/ko/ToolTips.locres) Source String Hash: (-1232800293) Localized String: (블렌드 웨이트 - 이 노드에 대해 마지막으로 접한 블렌드 웨이트입니다.)
Localization Resource: (C:/Program Files/Epic Games/UE_4.15/Engine/Content/Localization/Engine/ko/Engine.locres) Source String Hash: (-1232800293) Localized String: (이 노드에 대해 마지막 접한 블렌드 웨이트)
[2017.05.17-15.22.23:388][  0]LogTextLocalizationManager:Warning: Loaded localization resources contain conflicting entries for (Namespace:UObjectToolTips, Key:AnimNode_BlendSpacePlayer:bLoop):
Localization Resource: (C:/Program Files/Epic Games/UE_4.15/Engine/Content/Localization/EditorTutorials/ko/EditorTutorials.locres) Source String Hash: (2133979316) Localized String: (애니메이션이 끝까지 재생되면 반복할까요?)
Localization Resource: (C:/Program Files/Epic Games/UE_4.15/Engine/Content/Localization/ToolTips/ko/ToolTips.locres) Source String Hash: (2133979316) Localized String: (루프 - 애니메이션이 끝에 도달했을 때 계속 반복할까요?)
[2017.05.17-15.22.23:388][  0]LogTextLocalizationManager:Warning: Loaded localization resources contain conflicting entries for (Namespace:UObjectToolTips, Key:AnimNode_StateMachine:bSkipFirstUpdateTransition):
Localization Resource: (C:/Program Files/Epic Games/UE_4.15/Engine/Content/Localization/EditorTutorials/ko/EditorTutorials.locres) Source String Hash: (1865475011) Localized String: (첫 업데이트시 도입 상태에서의 트랜지션을 건너뛸까요? 
기본은 true 로, 첫 업데이트시에는 트랜지션 데이터를 버립니다.)
Localization Resource: (C:/Program Files/Epic Games/UE_4.15/Engine/Content/Localization/ToolTips/ko/ToolTips.locres) Source String Hash: (1865475011) Localized String: (첫 번째 업데이트 트랜지션 건너뛰기 - 첫 번째 업데이트에서 입력 스테이트의 트랜지션을 건너뜁니까?
디폴트는 true 고 첫 번째 업데이트의 트랜지션 데이터를 버립니다.)
[2017.05.17-15.22.23:388][  0]LogTextLocalizationManager:Warning: Loaded localization resources contain conflicting entries for (Namespace:UObjectToolTips, Key:AnimNode_BlendSpacePlayer:X):
Localization Resource: (C:/Program Files/Epic Games/UE_4.15/Engine/Content/Localization/EditorTutorials/ko/EditorTutorials.locres) Source String Hash: (2060772590) Localized String: (블렌드스페이스에서 샘플링할 X 좌표입니다.)
Localization Resource: (C:/Program Files/Epic Games/UE_4.15/Engine/Content/Localization/ToolTips/ko/ToolTips.locres) Source String Hash: (2060772590) Localized String: (X - 블렌드스페이스 샘플의 X 좌표입니다.)
[2017.05.17-15.22.23:388][  0]LogTextLocalizationManager:Warning: Loaded localization resources contain conflicting entries for (Namespace:UObjectToolTips, Key:AnimNode_BlendSpacePlayer:Y):
Localization Resource: (C:/Program Files/Epic Games/UE_4.15/Engine/Content/Localization/EditorTutorials/ko/EditorTutorials.locres) Source String Hash: (-1719607538) Localized String: (블렌드스페이스에서 샘플링할 Y 좌표입니다.)
Localization Resource: (C:/Program Files/Epic Games/UE_4.15/Engine/Content/Localization/ToolTips/ko/ToolTips.locres) Source String Hash: (-1719607538) Localized String: (Y - 블렌드스페이스 샘플의 Y 좌표입니다.)
[2017.05.17-15.22.23:388][  0]LogTextLocalizationManager:Warning: Loaded localization resources contain conflicting entries for (Namespace:UObjectToolTips, Key:AnimNode_BlendSpacePlayer:Z):
Localization Resource: (C:/Program Files/Epic Games/UE_4.15/Engine/Content/Localization/EditorTutorials/ko/EditorTutorials.locres) Source String Hash: (1728943471) Localized String: (블렌드스페이스에서 샘플링할 Z 좌표입니다.)
Localization Resource: (C:/Program Files/Epic Games/UE_4.15/Engine/Content/Localization/ToolTips/ko/ToolTips.locres) Source String Hash: (1728943471) Localized String: (Z - 블렌드스페이스 샘플의 Z 좌표입니다.)
[2017.05.17-15.22.23:388][  0]LogTextLocalizationManager:Warning: Loaded localization resources contain conflicting entries for (Namespace:UObjectToolTips, Key:AnimNode_BlendSpacePlayer:BlendSpace):
Localization Resource: (C:/Program Files/Epic Games/UE_4.15/Engine/Content/Localization/EditorTutorials/ko/EditorTutorials.locres) Source String Hash: (1599043277) Localized String: (재생할 블렌드스페이스 애셋입니다.)
Localization Resource: (C:/Program Files/Epic Games/UE_4.15/Engine/Content/Localization/ToolTips/ko/ToolTips.locres) Source String Hash: (1599043277) Localized String: (블렌드스페이스 - 재생할 블렌드스페이스 애셋입니다.)
[2017.05.17-15.22.23:388][  0]LogTextLocalizationManager:Warning: Loaded localization resources contain conflicting entries for (Namespace:UObjectToolTips, Key:AnimNode_StateMachine:MaxTransitionsPerFrame):
Localization Resource: (C:/Program Files/Epic Games/UE_4.15/Engine/Content/Localization/EditorTutorials/ko/EditorTutorials.locres) Source String Hash: (1567650430) Localized String: (이 머신에서 한 프레임 내 '동시에' 취할 수 있는 트랜지션 최대 수입니다.)
Localization Resource: (C:/Program Files/Epic Games/UE_4.15/Engine/Content/Localization/ToolTips/ko/ToolTips.locres) Source String Hash: (1567650430) Localized String: (프레임 당 최대 트랜지션 - 한 프레임에서 이 머신이 동시에 취할 수 있는 트랜지션 최대 수입니다.)
[2017.05.17-15.22.23:388][  0]LogTextLocalizationManager:Warning: Loaded localization resources contain conflicting entries for (Namespace:UObjectToolTips, Key:AnimNode_BlendSpacePlayer:PlayRate):
Localization Resource: (C:/Program Files/Epic Games/UE_4.15/Engine/Content/Localization/EditorTutorials/ko/EditorTutorials.locres) Source String Hash: (-1274923958) Localized String: (재생 속도 배수입니다. 음수가 되면 애니메이션을 역순으로 재생하게 됩니다.)
Localization Resource: (C:/Program Files/Epic Games/UE_4.15/Engine/Content/Localization/ToolTips/ko/ToolTips.locres) Source String Hash: (-1274923958) Localized String: (재생 속도 - 재생 속도 배수입니다. 음수가 되면 애니메이션을 거꾸로 재생합니다.)
[2017.05.17-15.22.23:388][  0]LogTextLocalizationManager:Warning: Loaded localization resources contain conflicting entries for (Namespace:UObjectToolTips, Key:AnimNode_BlendSpacePlayer:StartPosition):
Localization Resource: (C:/Program Files/Epic Games/UE_4.15/Engine/Content/Localization/EditorTutorials/ko/EditorTutorials.locres) Source String Hash: (-207153555) Localized String: (시작 위치 범위는 [0,1] 이며, 재초기화시에만 적용됩니다.
루핑을 하면, 1 회전 후 0.f 부터 시작할 것입니다.)
Localization Resource: (C:/Program Files/Epic Games/UE_4.15/Engine/Content/Localization/ToolTips/ko/ToolTips.locres) Source String Hash: (-207153555) Localized String: (시작 위치 - [0, 1] 범위의 시작 위치로, 재초기화할 때만 적용됩니다.
반복하면 1회전 후 0.f 부터 시작됩니다.)
[2017.05.17-15.22.23:388][  0]LogTextLocalizationManager:Warning: Loaded localization resources contain conflicting entries for (Namespace:UObjectToolTips, Key:CameraFilmbackSettings:SensorWidth):
Localization Resource: (C:/Program Files/Epic Games/UE_4.15/Engine/Content/Localization/ToolTips/ko/ToolTips.locres) Source String Hash: (-1448580153) Localized String: (센서 폭 - 필름백 또는 디지털 센서의 가로 크기로, mm 단위입니다.)
Localization Resource: (C:/Program Files/Epic Games/UE_4.15/Engine/Content/Localization/Engine/ko/Engine.locres) Source String Hash: (-1448580153) Localized String: (필름백 또는 디지털 센서의 가로 크기로, mm 단위입니다.)
[2017.05.17-15.22.23:388][  0]LogTextLocalizationManager:Warning: Loaded localization resources contain conflicting entries for (Namespace:UObjectToolTips, Key:CameraFilmbackSettings:SensorAspectRatio):
Localization Resource: (C:/Program Files/Epic Games/UE_4.15/Engine/Content/Localization/ToolTips/ko/ToolTips.locres) Source String Hash: (-194807515) Localized String: (센서 종횡비 - 읽기 전용입니다. 센서 치수에서 계산했습니다.)
Localization Resource: (C:/Program Files/Epic Games/UE_4.15/Engine/Content/Localization/Engine/ko/Engine.locres) Source String Hash: (-194807515) Localized String: (읽기 전용입니다. 센서 크기에서 계산했습니다.)
[2017.05.17-15.22.23:388][  0]LogTextLocalizationManager:Warning: Loaded localization resources contain conflicting entries for (Namespace:UObjectToolTips, Key:AnimNode_SequencePlayer:bLoopAnimation):
Localization Resource: (C:/Program Files/Epic Games/UE_4.15/Engine/Content/Localization/ToolTips/ko/ToolTips.locres) Source String Hash: (2133979316) Localized String: (루프 - 애니메이션이 끝에 도달했을 때 계속 반복시켜야 할까요?)
Localization Resource: (C:/Program Files/Epic Games/UE_4.15/Engine/Content/Localization/Engine/ko/Engine.locres) Source String Hash: (2133979316) Localized String: (애니메이션이 끝에 도달하면 계속해서 루핑시킬것인지 입니다.)
[2017.05.17-15.22.23:388][  0]LogTextLocalizationManager:Warning: Loaded localization resources contain conflicting entries for (Namespace:UObjectToolTips, Key:AnimNode_SequencePlayer:Sequence):
Localization Resource: (C:/Program Files/Epic Games/UE_4.15/Engine/Content/Localization/ToolTips/ko/ToolTips.locres) Source String Hash: (421436424) Localized String: (시퀀스 - 재생할 애니메이션 시퀀스 애셋입니다.)
Localization Resource: (C:/Program Files/Epic Games/UE_4.15/Engine/Content/Localization/Engine/ko/Engine.locres) Source String Hash: (421436424) Localized String: (재생할 애니메이션 시퀀스 애셋입니다.)
[2017.05.17-15.22.23:388][  0]LogTextLocalizationManager:Warning: Loaded localization resources contain conflicting entries for (Namespace:UObjectToolTips, Key:AnimNode_SequencePlayer:PlayRate):
Localization Resource: (C:/Program Files/Epic Games/UE_4.15/Engine/Content/Localization/ToolTips/ko/ToolTips.locres) Source String Hash: (-1274923958) Localized String: (재생 속도 - 재생 속도 배수입니다. 음수가 될 수 있으며, 그러면 애니메이션이 거꾸로 재생됩니다.)
Localization Resource: (C:/Program Files/Epic Games/UE_4.15/Engine/Content/Localization/Engine/ko/Engine.locres) Source String Hash: (-1274923958) Localized String: (플레이 속도 배수입니다. 음수가 되면 애니메이션이 역방향으로 재생됩니다.)
[2017.05.17-15.22.23:388][  0]LogTextLocalizationManager:Warning: Loaded localization resources contain conflicting entries for (Namespace:UObjectToolTips, Key:AnimNode_SequencePlayer:StartPosition):
Localization Resource: (C:/Program Files/Epic Games/UE_4.15/Engine/Content/Localization/ToolTips/ko/ToolTips.locres) Source String Hash: (771611000) Localized String: (시작 위치 - 시작 위치로 재초기화할 때만 적용됩니다.
반복하면, 1회전 후 0.f 부터 시작됩니다.)
Localization Resource: (C:/Program Files/Epic Games/UE_4.15/Engine/Content/Localization/Engine/ko/Engine.locres) Source String Hash: (771611000) Localized String: (시작 위치로, 재초기화시에만 적용됩니다.
루핑을 하면, 1회전 후 0.f 부터 시작할 것입니다.)
[2017.05.17-15.22.23:388][  0]LogTextLocalizationManager:Warning: Loaded localization resources contain conflicting entries for (Namespace:UObjectToolTips, Key:CameraFilmbackSettings:SensorHeight):
Localization Resource: (C:/Program Files/Epic Games/UE_4.15/Engine/Content/Localization/ToolTips/ko/ToolTips.locres) Source String Hash: (-1311569777) Localized String: (센서 높이 - 필름백 또는 디지털 센서의 세로 크기로, mm 단위입니다.)
Localization Resource: (C:/Program Files/Epic Games/UE_4.15/Engine/Content/Localization/Engine/ko/Engine.locres) Source String Hash: (-1311569777) Localized String: (필름백 또는 디지털 센서의 세로 크기로, mm 단위입니다.)
[2017.05.17-15.22.23:955][  0]LogD3D11RHI: D3D11 adapters:
[2017.05.17-15.22.23:989][  0]LogD3D11RHI:    0. 'NVIDIA GeForce GTX 1050' (Feature Level 11_0)
[2017.05.17-15.22.23:989][  0]LogD3D11RHI:       2015/0/4071 MB DedicatedVideo/DedicatedSystem/SharedSystem, Outputs:2, VendorId:0x10de
[2017.05.17-15.22.23:992][  0]LogD3D11RHI:    1. 'Microsoft Basic Render Driver' (Feature Level 11_0)
[2017.05.17-15.22.23:992][  0]LogD3D11RHI:       0/0/4071 MB DedicatedVideo/DedicatedSystem/SharedSystem, Outputs:0, VendorId:0x1414
[2017.05.17-15.22.23:992][  0]LogD3D11RHI: Chosen D3D11 Adapter: 0
[2017.05.17-15.22.23:995][  0]LogD3D11RHI: Creating new Direct3DDevice
[2017.05.17-15.22.23:995][  0]LogD3D11RHI:     GPU DeviceId: 0x1c81 (for the marketing name, search the web for "GPU Device Id")
[2017.05.17-15.22.23:995][  0]LogWindows: EnumDisplayDevices:
[2017.05.17-15.22.23:996][  0]LogWindows:    0. 'NVIDIA GeForce GTX 1050' (P:0 D:1)
[2017.05.17-15.22.23:996][  0]LogWindows:    1. 'NVIDIA GeForce GTX 1050' (P:1 D:1)
[2017.05.17-15.22.23:997][  0]LogWindows:    2. 'NVIDIA GeForce GTX 1050' (P:0 D:0)
[2017.05.17-15.22.23:997][  0]LogWindows:    3. 'NVIDIA GeForce GTX 1050' (P:0 D:0)
[2017.05.17-15.22.23:997][  0]LogWindows: DebugString: FoundDriverCount:4 
[2017.05.17-15.22.23:997][  0]LogD3D11RHI:     Adapter Name: NVIDIA GeForce GTX 1050
[2017.05.17-15.22.23:997][  0]LogD3D11RHI:   Driver Version: 376.53 (internal:21.21.13.7653, unified:376.53)
[2017.05.17-15.22.23:997][  0]LogD3D11RHI:      Driver Date: 12-29-2016
[2017.05.17-15.22.23:997][  0]LogRHI: Texture pool is 1361 MB (70% of 1945 MB)
[2017.05.17-15.22.24:014][  0]LogD3D11RHI: Async texture creation enabled
[2017.05.17-15.22.24:025][  0]LogD3D11RHI: GPU Timing Frequency: 1000.000000 (Debug: 2 1)
[2017.05.17-15.22.24:129][  0]LogShaderCompilers: Guid format shader working directory is -25 characters bigger than the processId version (../../../../../../Users/SiHyeon/Documents/Unreal Projects/exam2014184024/Intermediate/Shaders/WorkingDirectory/11076/).
[2017.05.17-15.22.24:130][  0]LogShaderCompilers: Cleaned the shader compiler working directory 'C:/Users/SiHyeon/AppData/Local/Temp/UnrealShaderWorkingDir/8EB1A381431E7732ABABA9A147B4D7FE/'.
[2017.05.17-15.22.24:130][  0]LogShaderCompilers:Display: Using Local Shader Compiler.
[2017.05.17-15.22.25:420][  0]LogTemp:Display: Loaded TP AllDesktopTargetPlatform
[2017.05.17-15.22.25:531][  0]LogTemp:Display: Loaded TP MacClientTargetPlatform
[2017.05.17-15.22.25:658][  0]LogTemp:Display: Loaded TP MacNoEditorTargetPlatform
[2017.05.17-15.22.25:773][  0]LogTemp:Display: Loaded TP MacServerTargetPlatform
[2017.05.17-15.22.25:880][  0]LogTemp:Display: Loaded TP MacTargetPlatform
[2017.05.17-15.22.25:994][  0]LogTemp:Display: Loaded TP WindowsClientTargetPlatform
[2017.05.17-15.22.26:102][  0]LogTemp:Display: Loaded TP WindowsNoEditorTargetPlatform
[2017.05.17-15.22.26:207][  0]LogTemp:Display: Loaded TP WindowsServerTargetPlatform
[2017.05.17-15.22.26:304][  0]LogTemp:Display: Loaded TP WindowsTargetPlatform
[2017.05.17-15.22.26:408][  0]LogTemp:Display: Loaded TP AndroidTargetPlatform
[2017.05.17-15.22.26:513][  0]LogTemp:Display: Loaded TP Android_ASTCTargetPlatform
[2017.05.17-15.22.26:615][  0]LogTemp:Display: Loaded TP Android_ATCTargetPlatform
[2017.05.17-15.22.26:717][  0]LogTemp:Display: Loaded TP Android_DXTTargetPlatform
[2017.05.17-15.22.26:817][  0]LogTemp:Display: Loaded TP Android_ETC1TargetPlatform
[2017.05.17-15.22.26:921][  0]LogTemp:Display: Loaded TP Android_ETC2TargetPlatform
[2017.05.17-15.22.27:127][  0]LogTemp:Display: Loaded TP Android_MultiTargetPlatform
[2017.05.17-15.22.27:127][  0]LogTemp:Display: Loaded TP Android_PVRTCTargetPlatform
[2017.05.17-15.22.27:214][  0]LogTemp:Display: Loaded TP HTML5TargetPlatform
[2017.05.17-15.22.27:390][  0]LogTemp:Display: Loaded TP IOSTargetPlatform
[2017.05.17-15.22.27:453][  0]LogTemp:Display: Loaded TP TVOSTargetPlatform
[2017.05.17-15.22.27:557][  0]LogTemp:Display: Loaded TP LinuxClientTargetPlatform
[2017.05.17-15.22.27:658][  0]LogTemp:Display: Loaded TP LinuxNoEditorTargetPlatform
[2017.05.17-15.22.27:763][  0]LogTemp:Display: Loaded TP LinuxServerTargetPlatform
[2017.05.17-15.22.27:867][  0]LogTemp:Display: Loaded TP LinuxTargetPlatform
[2017.05.17-15.22.27:867][  0]LogTargetPlatformManager:Display: Building Assets For Windows
[2017.05.17-15.22.28:841][  0]LogDerivedDataCache:Display: Max Cache Size: 512 MB
[2017.05.17-15.22.28:886][  0]LogDerivedDataCache: Loaded boot cache 0.05s 50MB C:/Users/SiHyeon/AppData/Local/UnrealEngine/4.15/DerivedDataCache/Boot.ddc.
[2017.05.17-15.22.28:886][  0]LogDerivedDataCache:Display: Loaded Boot cache: C:/Users/SiHyeon/AppData/Local/UnrealEngine/4.15/DerivedDataCache/Boot.ddc
[2017.05.17-15.22.28:887][  0]LogDerivedDataCache: FDerivedDataBackendGraph:  Pak pak cache file ../../../../../../Users/SiHyeon/Documents/Unreal Projects/exam2014184024/DerivedDataCache/DDC.ddp not found, will not use a pak cache.
[2017.05.17-15.22.28:887][  0]LogDerivedDataCache: Unable to find inner node Pak for hierarchical cache Hierarchy.
[2017.05.17-15.22.28:887][  0]LogDerivedDataCache: FDerivedDataBackendGraph:  CompressedPak pak cache file ../../../../../../Users/SiHyeon/Documents/Unreal Projects/exam2014184024/DerivedDataCache/Compressed.ddp not found, will not use a pak cache.
[2017.05.17-15.22.28:887][  0]LogDerivedDataCache: Unable to find inner node CompressedPak for hierarchical cache Hierarchy.
[2017.05.17-15.22.28:904][  0]LogDerivedDataCache:Display: Pak cache opened for reading ../../../Engine/DerivedDataCache/Compressed.ddp.
[2017.05.17-15.22.28:917][  0]LogDerivedDataCache: Using Local data cache path C:/Users/SiHyeon/AppData/Local/UnrealEngine/Common/DerivedDataCache: Writable
[2017.05.17-15.22.28:926][  0]LogSlate: Using Freetype 2.6.0
[2017.05.17-15.22.28:927][  0]LogSlate: SlateFontCache - WITH_FREETYPE: 1, WITH_HARFBUZZ: 1
[2017.05.17-15.22.28:927][  0]LogSlate: SlateFontCache - WITH_FREETYPE: 1, WITH_HARFBUZZ: 1
[2017.05.17-15.22.29:227][  0]LogInit: Selected Device Profile: [Windows]
[2017.05.17-15.22.29:229][  0]LogContentStreaming: Texture pool size is 0.00 MB
[2017.05.17-15.22.29:566][  0]LogMeshUtilities: Using QuadricMeshReduction for automatic static mesh reduction
[2017.05.17-15.22.29:662][  0]LogSimplygon: Simplygon DLL not present - disabling.
[2017.05.17-15.22.29:760][  0]LogMeshUtilities: Using SimplygonSwarm for distributed automatic mesh merging
[2017.05.17-15.22.29:760][  0]LogMeshUtilities: No automatic skeletal mesh reduction module available
[2017.05.17-15.22.29:760][  0]LogMeshUtilities: No automatic mesh merging module available
[2017.05.17-15.22.30:486][  0]LogNetVersion: GetLocalNetworkVersion: CL: 3299760, ProjectName: exam2014184024, ProjectVersion: , EngineNetworkVersion: 2, GameNetworkVersion: 0, NetworkChecksum: 3157951537
[2017.05.17-15.22.30:558][  0]LogAssetRegistry: FAssetRegistry took 0.0214 seconds to start up
[2017.05.17-15.22.30:647][  0]LogPackageLocalizationCache: Processed 3 localized package path(s) for 2 prioritized culture(s) in 0.032973 seconds
[2017.05.17-15.22.30:651][  0]LogUObjectArray: 32493 objects as part of root set at end of initial load.
[2017.05.17-15.22.30:651][  0]LogUObjectAllocator: 7077024 out of 0 bytes used by permanent object pool.
[2017.05.17-15.22.30:651][  0]LogUObjectArray: CloseDisregardForGC: 0/0 objects in disregard for GC pool
[2017.05.17-15.22.30:801][  0]LogInit: WinSock: version 1.1 (2.2), MaxSocks=32767, MaxUdp=65467
[2017.05.17-15.22.33:915][  0]LogTcpMessaging: Initializing TcpMessaging bridge
[2017.05.17-15.22.33:989][  0]LogUdpMessaging: Initializing bridge on interface 0.0.0.0:0 to multicast group 230.0.0.1:6666.
[2017.05.17-15.22.34:909][  0]LogMaterial: Uniform references updated for custom material expression Custom.
[2017.05.17-15.22.35:668][  0]SourceControl: 정보 소스 콘트롤이 꺼졌습니다.
[2017.05.17-15.22.35:703][  0]SourceControl: 정보 소스 콘트롤이 꺼졌습니다.
[2017.05.17-15.22.35:805][  0]SourceControl: 정보 소스 콘트롤이 꺼졌습니다.
[2017.05.17-15.22.35:907][  0]SourceControl: 정보 소스 콘트롤이 꺼졌습니다.
[2017.05.17-15.22.38:544][  0]LogEngine: Initializing Engine...
[2017.05.17-15.22.38:544][  0]LogHMD: Failed to initialize OpenVR with code 110
[2017.05.17-15.22.38:921][  0]LogAIModule: Creating AISystem for world Untitled
[2017.05.17-15.22.38:932][  0]LogInit: XAudio2 using '스피커(Realtek High Definition Audio)' : 2 channels at 48 kHz using 32 bits per sample (channel mask 0x3)
[2017.05.17-15.22.38:955][  0]LogInit: FAudioDevice initialized.
[2017.05.17-15.22.38:979][  0]LogDerivedDataCache: Saved boot cache 0.02s 50MB C:/Users/SiHyeon/AppData/Local/UnrealEngine/4.15/DerivedDataCache/Boot.ddc.
[2017.05.17-15.22.38:983][  0]LogInit: Texture streaming: Enabled
[2017.05.17-15.22.39:199][  0]LogEngineSessionManager: EngineSessionManager initialized
[2017.05.17-15.22.39:395][  0]LogWindowsTextInputMethodSystem:Display: IME system now activated using TSF (Microsoft 입력기).
[2017.05.17-15.22.39:446][  0]LogInit: Transaction tracking system initialized
[2017.05.17-15.22.40:268][  0]BlueprintLog: New page: 에디터 로드
[2017.05.17-15.22.42:288][  0]LocalizationService: 정보 현지화 서비스가 비활성화되었습니다.
[2017.05.17-15.22.43:796][  0]LogConsoleResponse:Display: 
[2017.05.17-15.22.43:971][  0]LogCook:Display: Max memory allowance for cook 16384mb min free memory 0mb
[2017.05.17-15.22.43:971][  0]LogCook:Display: Mobile HDR setting 1
[2017.05.17-15.22.45:068][  0]LogFileCache: Scanning file cache for directory 'C:/Users/SiHyeon/Documents/Unreal Projects/exam2014184024/Content/' took 0.01s
[2017.05.17-15.22.46:284][  0]SourceControl: 정보 소스 콘트롤이 꺼졌습니다.
[2017.05.17-15.22.46:284][  0]Cmd: MAP LOAD FILE="../../../../../../Users/SiHyeon/Documents/Unreal Projects/exam2014184024/Content/Levels/test.umap" TEMPLATE=0 SHOWPROGRESS=1 FEATURELEVEL=3
[2017.05.17-15.22.46:285][  0]LightingResults: New page: 라이팅 빌드
[2017.05.17-15.22.46:377][  0]MapCheck: New page: 맵 체크
[2017.05.17-15.22.46:377][  0]LightingResults: New page: 라이팅 빌드
[2017.05.17-15.22.46:566][  0]LogAIModule: Creating AISystem for world test
[2017.05.17-15.22.46:587][  0]LogEditorServer: Finished looking for orphan Actors (0.000 secs)
[2017.05.17-15.22.46:587][  0]Cmd: MAP CHECKDEP NOCLEARLOG
[2017.05.17-15.22.46:681][  0]MapCheck: 정보 맵 체크 완료: 오류 0 회, 경고 0 회, 소요 시간 93.616ms.
[2017.05.17-15.22.46:681][  0]LogFileHelpers: Loading map 'test' took 0.397
[2017.05.17-15.22.46:894][  0]LogCollectionManager: Loaded 0 collections in 0.001975 seconds
[2017.05.17-15.22.47:033][  0]LogFileCache: Scanning file cache for directory 'C:/Users/SiHyeon/Documents/Unreal Projects/exam2014184024/Saved/Collections/' took 0.01s
[2017.05.17-15.22.47:033][  0]LogFileCache: Scanning file cache for directory 'C:/Users/SiHyeon/Documents/Unreal Projects/exam2014184024/Content/Developers/SiHyeon/Collections/' took 0.01s
[2017.05.17-15.22.47:033][  0]LogFileCache: Scanning file cache for directory 'C:/Users/SiHyeon/Documents/Unreal Projects/exam2014184024/Content/Collections/' took 0.01s
[2017.05.17-15.22.47:033][  0]LogCollectionManager: Rebuilt the GUID cache for 0 collections in 0.000001 seconds
[2017.05.17-15.22.47:041][  0]LogContentBrowser: Native class hierarchy populated in 0.0083 seconds. Added 2245 classes and 453 folders.
[2017.05.17-15.22.47:044][  0]LogStats: UGameplayTagsManager::ConstructGameplayTagTree: Construct from data asset -  0.000 s
[2017.05.17-15.22.47:044][  0]LogStats: UGameplayTagsManager::ConstructGameplayTagTree: GameplayTagTreeChangedEvent.Broadcast -  0.000 s
[2017.05.17-15.22.47:188][  0]LogContentBrowser: Native class hierarchy updated for 'WidgetCarousel' in 0.0005 seconds. Added 0 classes and 0 folders.
[2017.05.17-15.22.47:253][  0]LogContentBrowser: Native class hierarchy updated for 'AddContentDialog' in 0.0005 seconds. Added 0 classes and 0 folders.
[2017.05.17-15.22.47:348][  0]LogContentBrowser: Native class hierarchy updated for 'SceneOutliner' in 0.0005 seconds. Added 1 classes and 2 folders.
[2017.05.17-15.22.47:427][  0]LogCrashTracker: Crashtracker disabled due to settings.
[2017.05.17-15.22.47:434][  0]LogUObjectGlobals:Warning: 'Class 없음.' 오브젝트를 찾는 데 실패했습니다.
[2017.05.17-15.22.47:552][  0]LogContentBrowser: Native class hierarchy updated for 'HierarchicalLODOutliner' in 0.0006 seconds. Added 1 classes and 2 folders.
[2017.05.17-15.22.47:552][  0]LogLoad: (Engine Initialization) Total time: 27.01 seconds
[2017.05.17-15.22.47:552][  0]LogLoad: (Engine Initialization) Total Blueprint compile time: 0.13 seconds
[2017.05.17-15.22.47:552][  0]LogExternalProfiler: Found external profiler: VSPerf
[2017.05.17-15.22.47:552][  0]LogExternalProfiler: Using external profiler: VSPerf
[2017.05.17-15.22.47:564][  0]LogOcInput: OculusInput pre-init called
[2017.05.17-15.22.47:579][  0]LogAssetRegistry: Asset discovery search completed in 17.0424 seconds
[2017.05.17-15.22.47:579][  0]LogCollectionManager: Rebuilt the object cache for 0 collections in 0.000003 seconds (found 0 objects)
[2017.05.17-15.22.47:579][  0]LogCollectionManager: Fixed up redirectors for 0 collections in 0.000014 seconds (updated 0 objects)
[2017.05.17-15.22.47:585][  0]LogContentStreaming: Texture pool size now 1000 MB
[2017.05.17-15.22.47:593][  0]LogSlate: Took 0.000341 seconds to synchronously load lazily loaded font '../../../Engine/Content/Slate/Fonts/Roboto-Regular.ttf' (155K)
[2017.05.17-15.22.47:598][  0]LogSlate: Took 0.002787 seconds to synchronously load lazily loaded font '../../../Engine/Content/Slate/Fonts/NanumGothic.ttf' (4243K)
[2017.05.17-15.22.47:600][  0]LogSlate: Took 0.000324 seconds to synchronously load lazily loaded font '../../../Engine/Content/Slate/Fonts/Roboto-Bold.ttf' (160K)
[2017.05.17-15.22.47:605][  0]LogSlate: Took 0.000343 seconds to synchronously load lazily loaded font '../../../Engine/Content/Editor/Slate/Fonts/FontAwesome.ttf' (139K)
[2017.05.17-15.22.47:716][  0]LogSlate: Took 0.000377 seconds to synchronously load lazily loaded font '../../../Engine/Content/Slate/Fonts/Roboto-Light.ttf' (159K)
[2017.05.17-15.22.47:762][  0]LogRenderer: Reallocating scene render targets to support 1208x576 NumSamples 1 (Frame:2).
[2017.05.17-15.22.48:583][ 85]LogSlate: Took 0.000370 seconds to synchronously load lazily loaded font '../../../Engine/Content/Slate/Fonts/Roboto-Light.ttf' (159K)
[2017.05.17-15.23.19:157][191]LogTemp: Repeting last play command: 선택된 뷰포트
[2017.05.17-15.23.19:164][191]LogPlayLevel: PlayLevel: No blueprints needed recompiling
[2017.05.17-15.23.19:164][191]PIE: New page: PIE 세션: test (2017. 5. 18. 오전 9:23:19)
[2017.05.17-15.23.19:164][191]LogPlayLevel: Creating play world package: /Game/Levels/UEDPIE_0_test
[2017.05.17-15.23.19:166][191]LogPlayLevel: PIE: StaticDuplicateObject took: (0.001624s)
[2017.05.17-15.23.19:166][191]LogAIModule: Creating AISystem for world test
[2017.05.17-15.23.19:166][191]LogPlayLevel: PIE: World Init took: (0.000764s)
[2017.05.17-15.23.19:166][191]LogPlayLevel: PIE: Created PIE world by copying editor world from /Game/Levels/test.test to /Game/Levels/UEDPIE_0_test.test (0.002556s)
[2017.05.17-15.23.19:181][191]LogInit: XAudio2 using '스피커(Realtek High Definition Audio)' : 2 channels at 48 kHz using 32 bits per sample (channel mask 0x3)
[2017.05.17-15.23.19:197][191]LogInit: FAudioDevice initialized.
[2017.05.17-15.23.19:242][191]LogLoad: Game class is 'GameModeBase'
[2017.05.17-15.23.19:244][191]LogWorld: Bringing World /Game/Levels/UEDPIE_0_test.test up for play (max tick rate 0) at 2017.05.18-00.23.19
[2017.05.17-15.23.19:244][191]LogWorld: Bringing up level for play took: 0.000877
[2017.05.17-15.23.19:343][191]LogContentBrowser: Native class hierarchy updated for 'MovieSceneCapture' in 0.0006 seconds. Added 11 classes and 0 folders.
[2017.05.17-15.23.19:344][191]PIE: 정보 /Game/Levels/UEDPIE_0_test 에 대한 에디터에서 플레이 시작 시간: 1.035
[2017.05.17-15.23.21:884][478]LogLinker:Warning: '/Game/UI/HUD' 파일을 찾을 수 없습니다.
[2017.05.17-15.23.21:884][478]LogLinker:Warning: ../../../../../../Users/SiHyeon/Documents/Unreal Projects/exam2014184024/Content/Hero/HeroAnimBP.uasset 로드중 '/Game/UI/HUD' 애셋에 대한 파일을 찾을 수 없습니다.
[2017.05.17-15.23.21:884][478]LoadErrors:Error: 오류 /Game/Hero/HeroAnimBP : 애셋에 대한 파일을 찾을 수 없습니다. /Game/UI/HUD
[2017.05.17-15.23.21:917][478]LogLinker:Warning: '/Game/UI/HUD' 파일을 찾을 수 없습니다.
[2017.05.17-15.23.21:917][478]LogLinker:Warning: ../../../../../../Users/SiHyeon/Documents/Unreal Projects/exam2014184024/Content/Hero/HeroAnimBP.uasset 로드중 '/Game/UI/HUD' 애셋에 대한 파일을 찾을 수 없습니다.
[2017.05.17-15.23.21:917][478]LogLinker:Warning: '/Game/UI/HUD' 파일을 찾을 수 없습니다.
[2017.05.17-15.23.21:917][478]LogLinker:Warning: ../../../../../../Users/SiHyeon/Documents/Unreal Projects/exam2014184024/Content/Hero/HeroAnimBP.uasset 로드중 '/Game/UI/HUD' 애셋에 대한 파일을 찾을 수 없습니다.
[2017.05.17-15.23.21:918][478]LogLinker:Warning: '/Game/UI/HUD' 파일을 찾을 수 없습니다.
[2017.05.17-15.23.21:918][478]LoadErrors: 정보 로드에 실패했습니다. /Game/UI/HUD.HUD_C 레퍼런싱한 것: ShooterGameMode
[2017.05.17-15.23.21:918][478]LogLinker:Warning: ../../../../../../Users/SiHyeon/Documents/Unreal Projects/exam2014184024/Content/Hero/HeroAnimBP.uasset 로드중 '/Game/UI/HUD' 애셋에 대한 파일을 찾을 수 없습니다.
[2017.05.17-15.23.21:918][478]LogLinker:Warning: '/Game/UI/HUD' 파일을 찾을 수 없습니다.
[2017.05.17-15.23.21:918][478]LoadErrors: 정보 로드에 실패했습니다. /Game/UI/HUD.HUD_C 레퍼런싱한 것: K2Node_CreateWidget_0
[2017.05.17-15.23.21:918][478]LogLinker:Warning: ../../../../../../Users/SiHyeon/Documents/Unreal Projects/exam2014184024/Content/Hero/HeroAnimBP.uasset 로드중 '/Game/UI/HUD' 애셋에 대한 파일을 찾을 수 없습니다.
[2017.05.17-15.23.21:918][478]LogLinker:Warning: '/Game/UI/HUD' 파일을 찾을 수 없습니다.
[2017.05.17-15.23.21:919][478]LogLinker:Warning: ../../../../../../Users/SiHyeon/Documents/Unreal Projects/exam2014184024/Content/Hero/HeroAnimBP.uasset 로드중 '/Game/UI/HUD' 애셋에 대한 파일을 찾을 수 없습니다.
[2017.05.17-15.23.21:919][478]LogLinker:Warning: '/Game/UI/HUD' 파일을 찾을 수 없습니다.
[2017.05.17-15.23.21:919][478]LoadErrors: 정보 로드에 실패했습니다. /Game/UI/HUD.HUD_C 레퍼런싱한 것: K2Node_VariableSet_40
[2017.05.17-15.23.21:919][478]LogLinker:Warning: ../../../../../../Users/SiHyeon/Documents/Unreal Projects/exam2014184024/Content/Hero/HeroAnimBP.uasset 로드중 '/Game/UI/HUD' 애셋에 대한 파일을 찾을 수 없습니다.
[2017.05.17-15.23.21:919][478]LogLinker:Warning: '/Game/UI/HUD' 파일을 찾을 수 없습니다.
[2017.05.17-15.23.21:919][478]LogLinker:Warning: ../../../../../../Users/SiHyeon/Documents/Unreal Projects/exam2014184024/Content/Hero/HeroAnimBP.uasset 로드중 '/Game/UI/HUD' 애셋에 대한 파일을 찾을 수 없습니다.
[2017.05.17-15.23.21:920][478]LogLinker:Warning: '/Game/UI/HUD' 파일을 찾을 수 없습니다.
[2017.05.17-15.23.21:920][478]LoadErrors: 정보 로드에 실패했습니다. /Game/UI/HUD.HUD_C 레퍼런싱한 것: K2Node_VariableGet_84
[2017.05.17-15.23.21:920][478]LogLinker:Warning: ../../../../../../Users/SiHyeon/Documents/Unreal Projects/exam2014184024/Content/Hero/HeroAnimBP.uasset 로드중 '/Game/UI/HUD' 애셋에 대한 파일을 찾을 수 없습니다.
[2017.05.17-15.23.21:920][478]LogLinker:Warning: '/Game/UI/HUD' 파일을 찾을 수 없습니다.
[2017.05.17-15.23.21:920][478]LoadErrors: 정보 로드에 실패했습니다. /Game/UI/HUD.HUD_C 레퍼런싱한 것: K2Node_CallFunction_62
[2017.05.17-15.23.21:920][478]LogLinker:Warning: ../../../../../../Users/SiHyeon/Documents/Unreal Projects/exam2014184024/Content/Hero/HeroAnimBP.uasset 로드중 '/Game/UI/HUD' 애셋에 대한 파일을 찾을 수 없습니다.
[2017.05.17-15.23.21:920][478]LogLinker:Warning: '/Game/UI/HUD' 파일을 찾을 수 없습니다.
[2017.05.17-15.23.21:921][478]LogLinker:Warning: ../../../../../../Users/SiHyeon/Documents/Unreal Projects/exam2014184024/Content/Hero/HeroAnimBP.uasset 로드중 '/Game/UI/HUD' 애셋에 대한 파일을 찾을 수 없습니다.
[2017.05.17-15.23.21:921][478]LogLinker:Warning: '/Game/UI/HUD' 파일을 찾을 수 없습니다.
[2017.05.17-15.23.21:921][478]LoadErrors: 정보 로드에 실패했습니다. /Game/UI/HUD.HUD_C 레퍼런싱한 것: K2Node_VariableGet_88
[2017.05.17-15.23.21:921][478]LogLinker:Warning: ../../../../../../Users/SiHyeon/Documents/Unreal Projects/exam2014184024/Content/Hero/HeroAnimBP.uasset 로드중 '/Game/UI/HUD' 애셋에 대한 파일을 찾을 수 없습니다.
[2017.05.17-15.23.21:921][478]LogLinker:Warning: '/Game/UI/HUD' 파일을 찾을 수 없습니다.
[2017.05.17-15.23.21:921][478]LoadErrors: 정보 로드에 실패했습니다. /Game/UI/HUD.HUD_C 레퍼런싱한 것: K2Node_CallFunction_73
[2017.05.17-15.23.21:921][478]LogLinker:Warning: ../../../../../../Users/SiHyeon/Documents/Unreal Projects/exam2014184024/Content/Hero/HeroAnimBP.uasset 로드중 '/Game/UI/HUD' 애셋에 대한 파일을 찾을 수 없습니다.
[2017.05.17-15.23.21:922][478]LogLinker:Warning: '/Game/UI/HUD' 파일을 찾을 수 없습니다.
[2017.05.17-15.23.21:922][478]LogLinker:Warning: ../../../../../../Users/SiHyeon/Documents/Unreal Projects/exam2014184024/Content/Hero/HeroAnimBP.uasset 로드중 '/Game/UI/HUD' 애셋에 대한 파일을 찾을 수 없습니다.
[2017.05.17-15.23.21:922][478]LogLinker:Warning: '/Game/UI/HUD' 파일을 찾을 수 없습니다.
[2017.05.17-15.23.21:922][478]LoadErrors: 정보 로드에 실패했습니다. /Game/UI/HUD.HUD_C 레퍼런싱한 것: K2Node_VariableGet_124
[2017.05.17-15.23.21:922][478]LogLinker:Warning: ../../../../../../Users/SiHyeon/Documents/Unreal Projects/exam2014184024/Content/Hero/HeroAnimBP.uasset 로드중 '/Game/UI/HUD' 애셋에 대한 파일을 찾을 수 없습니다.
[2017.05.17-15.23.21:922][478]LogLinker:Warning: '/Game/UI/HUD' 파일을 찾을 수 없습니다.
[2017.05.17-15.23.21:922][478]LoadErrors: 정보 로드에 실패했습니다. /Game/UI/HUD.HUD_C 레퍼런싱한 것: K2Node_CallFunction_118
[2017.05.17-15.23.21:923][478]LogLinker:Warning: ../../../../../../Users/SiHyeon/Documents/Unreal Projects/exam2014184024/Content/Hero/HeroAnimBP.uasset 로드중 '/Game/UI/HUD' 애셋에 대한 파일을 찾을 수 없습니다.
[2017.05.17-15.23.21:923][478]LogLinker:Warning: '/Game/UI/HUD' 파일을 찾을 수 없습니다.
[2017.05.17-15.23.21:923][478]LogLinker:Warning: ../../../../../../Users/SiHyeon/Documents/Unreal Projects/exam2014184024/Content/Hero/HeroAnimBP.uasset 로드중 '/Game/UI/HUD' 애셋에 대한 파일을 찾을 수 없습니다.
[2017.05.17-15.23.21:928][478]LogBlueprint:Error: [Compiler ShooterGameMode] 오류  Create Widget  노드 스폰에는 클래스를 지정해야 합니다.
[2017.05.17-15.23.21:930][478]LogBlueprint:Error: [Compiler ShooterGameMode] 오류 이름이 "ShowHeroHP" 인 함수를 'ShooterGameMode' 에서 찾을 수 없었습니다.
'ShooterGameMode' 컴파일이  Show Hero HP  에 대해 되었는지 확인하세요.
[2017.05.17-15.23.21:930][478]LogBlueprint:Error: [Compiler ShooterGameMode] 오류 이름이 "ShowScore" 인 함수를 'ShooterGameMode' 에서 찾을 수 없었습니다.
'ShooterGameMode' 컴파일이  Show Score  에 대해 되었는지 확인하세요.
[2017.05.17-15.23.21:931][478]LogBlueprint:Error: [Compiler ShooterGameMode] 오류 이름이 "ShowScore" 인 함수를 'ShooterGameMode' 에서 찾을 수 없었습니다.
'ShooterGameMode' 컴파일이  Show Score  에 대해 되었는지 확인하세요.
[2017.05.17-15.23.21:933][478]LogBlueprint:Warning: [Compiler ShooterGameMode] 경고 [0061.39] ShooterGameMode 컴파일에 실패했습니다. 치명적 문제 4 회, 경고 0 회, [소요시간 6 ms] (/Game/ShooterGameMode.ShooterGameMode)
[2017.05.17-15.23.21:934][478]LogBlueprint:Warning: [Compiler ShooterGameMode] 경고 [0061.39] ShooterGameMode 컴파일에 실패했습니다. 치명적 문제 4 회, 경고 1 회, [소요시간 0 ms] (/Game/ShooterGameMode.ShooterGameMode)
[2017.05.17-15.23.21:934][478]LogBlueprint:Warning: [Compiler ShooterGameMode] 경고 [0061.39] ShooterGameMode 컴파일에 실패했습니다. 치명적 문제 4 회, 경고 2 회, [소요시간 0 ms] (/Game/ShooterGameMode.ShooterGameMode)
[2017.05.17-15.23.21:950][478]LogBlueprint:Error: [Compiler HeroBP] 오류 이름이 "UpdateHeroHP" 인 함수를 'ShooterGameMode_C' 에서 찾을 수 없었습니다.
'ShooterGameMode_C' 컴파일이  Update Hero HP  에 대해 되었는지 확인하세요.
[2017.05.17-15.23.21:960][478]LogBlueprint:Warning: [Compiler HeroBP] 경고 [0061.42] HeroBP 컴파일에 실패했습니다. 치명적 문제 1 회, 경고 0 회, [소요시간 14 ms] (/Game/Hero/HeroBP.HeroBP)
[2017.05.17-15.23.21:960][478]LogBlueprint:Warning: [Compiler HeroBP] 경고 [0061.42] HeroBP 컴파일에 실패했습니다. 치명적 문제 1 회, 경고 1 회, [소요시간 0 ms] (/Game/Hero/HeroBP.HeroBP)
[2017.05.17-15.23.21:960][478]LogBlueprint:Warning: [Compiler HeroBP] 경고 [0061.42] HeroBP 컴파일에 실패했습니다. 치명적 문제 1 회, 경고 2 회, [소요시간 0 ms] (/Game/Hero/HeroBP.HeroBP)
[2017.05.17-15.23.21:979][478]LogBlueprint:Error: [Compiler HeroBP] 오류 이름이 "UpdateHeroHP" 인 함수를 'ShooterGameMode_C' 에서 찾을 수 없었습니다.
'ShooterGameMode_C' 컴파일이  Update Hero HP  에 대해 되었는지 확인하세요.
[2017.05.17-15.23.21:988][478]LogBlueprint:Warning: [Compiler HeroBP] 경고 [0061.45] HeroBP 컴파일에 실패했습니다. 치명적 문제 1 회, 경고 0 회, [소요시간 14 ms] (/Game/Hero/HeroBP.HeroBP)
[2017.05.17-15.23.21:988][478]LogBlueprint:Warning: [Compiler HeroBP] 경고 [0061.45] HeroBP 컴파일에 실패했습니다. 치명적 문제 1 회, 경고 1 회, [소요시간 0 ms] (/Game/Hero/HeroBP.HeroBP)
[2017.05.17-15.23.21:988][478]LogBlueprint:Warning: [Compiler HeroBP] 경고 [0061.45] HeroBP 컴파일에 실패했습니다. 치명적 문제 1 회, 경고 2 회, [소요시간 0 ms] (/Game/Hero/HeroBP.HeroBP)
[2017.05.17-15.23.21:994][478]LogLinker:Warning: '/Game/UI/HUD' 파일을 찾을 수 없습니다.
[2017.05.17-15.23.21:994][478]LogLinker:Warning: ../../../../../../Users/SiHyeon/Documents/Unreal Projects/exam2014184024/Content/ShooterGameMode.uasset 로드중 '/Game/UI/HUD' 애셋에 대한 파일을 찾을 수 없습니다.
[2017.05.17-15.23.21:994][478]LoadErrors:Error: 오류 /Game/ShooterGameMode : 애셋에 대한 파일을 찾을 수 없습니다. /Game/UI/HUD
[2017.05.17-15.23.21:994][478]LogLinker:Warning: '/Game/UI/HUD' 파일을 찾을 수 없습니다.
[2017.05.17-15.23.21:994][478]LogLinker:Warning: ../../../../../../Users/SiHyeon/Documents/Unreal Projects/exam2014184024/Content/ShooterGameMode.uasset 로드중 '/Game/UI/HUD' 애셋에 대한 파일을 찾을 수 없습니다.
[2017.05.17-15.23.22:086][478]LogSlate: Took 0.000285 seconds to synchronously load lazily loaded font '../../../Engine/Content/Slate/Fonts/Roboto-Light.ttf' (159K)
[2017.05.17-15.23.22:643][478]LogContentBrowser: Native class hierarchy updated for 'BlueprintGraph' in 0.0009 seconds. Added 112 classes and 0 folders.
[2017.05.17-15.23.23:222][478]LogSlate: Took 0.000268 seconds to synchronously load lazily loaded font '../../../Engine/Content/Slate/Fonts/Roboto-Regular.ttf' (155K)
[2017.05.17-15.23.23:344][478]LogSlate: Took 0.000450 seconds to synchronously load lazily loaded font '../../../Engine/Content/Editor/Slate/Fonts/Roboto-BoldCondensed.ttf' (158K)
[2017.05.17-15.23.29:530][120]LogSlate: Took 0.000387 seconds to synchronously load lazily loaded font '../../../Engine/Content/Editor/Slate/Fonts/Roboto-Italic.ttf' (157K)
[2017.05.17-15.23.41:122][958]LogRenderer: Reallocating scene render targets to support 1208x712 NumSamples 1 (Frame:4933).
[2017.05.17-15.23.42:579][130]BlueprintLog: New page: ShooterGameMode 컴파일
[2017.05.17-15.23.42:608][130]LogBlueprint:Error: [Compiler HeroBP] 오류 이름이 "UpdateHeroHP" 인 함수를 'ShooterGameMode_C' 에서 찾을 수 없었습니다.
'ShooterGameMode_C' 컴파일이  Update Hero HP  에 대해 되었는지 확인하세요.
[2017.05.17-15.23.47:775][687]BlueprintLog: New page: ShooterGameMode 컴파일
[2017.05.17-15.23.48:678][747]Cmd: OBJ SAVEPACKAGE PACKAGE="/Game/ShooterGameMode" FILE="../../../../../../Users/SiHyeon/Documents/Unreal Projects/exam2014184024/Content/ShooterGameMode.uasset" SILENT=true
[2017.05.17-15.23.48:695][747]LogSavePackage: Save=11.03ms
[2017.05.17-15.23.48:695][747]LogSavePackage: Moving '../../../../../../Users/SiHyeon/Documents/Unreal Projects/exam2014184024/Saved/ShooterGameModeF771DC2C493809F9ECC0718B9F40AA0F.tmp' to '../../../../../../Users/SiHyeon/Documents/Unreal Projects/exam2014184024/Content/ShooterGameMode.uasset'
[2017.05.17-15.23.48:700][747]LogSavePackage:Display: Finished SavePackage ../../../../../../Users/SiHyeon/Documents/Unreal Projects/exam2014184024/Content/ShooterGameMode.uasset
[2017.05.17-15.23.56:647][610]LogSlate: Only BGRA pngs, bmps or icos are supported in by External Image Picker
[2017.05.17-15.23.57:334][612]LogTemp:Display: Executing iPhonePackager certificates Engine -bundlename com.YourCompany.exam2014184024

[2017.05.17-15.23.57:334][612]LogTemp:Display: CWD: C:\Program Files\Epic Games\UE_4.15\Engine\Binaries\DotNET\IOS

[2017.05.17-15.23.57:334][612]LogTemp:Display: Initial Dir: C:\Program Files\Epic Games\UE_4.15

[2017.05.17-15.23.57:334][612]LogTemp:Display: Env CWD: C:\Program Files\Epic Games\UE_4.15\Engine\Binaries\DotNET\IOS

[2017.05.17-15.23.57:338][612]LogTemp:Display: BranchPath = DESKTOP-CJPULGD/C/Program Files/Epic Games/UE_4.15/Engine/Binaries --- GameBranchPath = DESKTOP-CJPULGD/C/Program Files/Epic Games/UE_4.15/Engine/Binaries

[2017.05.17-15.23.57:373][615]LogTemp:Display: IPP ERROR: Application exception: System.IO.DirectoryNotFoundException: 'C:\Users\SiHyeon\AppData\Local\Apple Computer\MobileDevice\Provisioning Profiles' ?????? ?Ϻθ? ã?? ?? ?????ϴ?.

[2017.05.17-15.23.57:373][615]LogTemp:Display:    ??ġ: System.IO.__Error.WinIOError(Int32 errorCode, String maybeFullPath)

[2017.05.17-15.23.57:373][615]LogTemp:Display:    ??ġ: System.IO.FileSystemEnumerableIterator`1.CommonInit()

[2017.05.17-15.23.57:373][615]LogTemp:Display:    ??ġ: System.IO.Directory.EnumerateFiles(String path, String searchPattern)

[2017.05.17-15.23.57:373][615]LogTemp:Display:    ??ġ: iPhonePackager.CodeSignatureBuilder.FindProvisions(String CFBundleIdentifier)

[2017.05.17-15.23.57:373][615]LogTemp:Display:    ??ġ: iPhonePackager.Program.Main(String[] args)

[2017.05.17-15.24.02:132][178]LogSlate:Warning: Prevented a slow task dialog from being summoned while a context menu was open
[2017.05.17-15.24.32:465][297]BlueprintLog: New page: HeroBP 컴파일
[2017.05.17-15.24.33:086][339]Cmd: OBJ SAVEPACKAGE PACKAGE="/Game/Hero/HeroBP" FILE="../../../../../../Users/SiHyeon/Documents/Unreal Projects/exam2014184024/Content/Hero/HeroBP.uasset" SILENT=true
[2017.05.17-15.24.33:138][339]LogSavePackage: Save=45.73ms
[2017.05.17-15.24.33:138][339]LogSavePackage: Moving '../../../../../../Users/SiHyeon/Documents/Unreal Projects/exam2014184024/Saved/HeroBPA5D9DB1F460D57F622213F8F7228F5BA.tmp' to '../../../../../../Users/SiHyeon/Documents/Unreal Projects/exam2014184024/Content/Hero/HeroBP.uasset'
[2017.05.17-15.24.33:142][339]LogSavePackage:Display: Finished SavePackage ../../../../../../Users/SiHyeon/Documents/Unreal Projects/exam2014184024/Content/Hero/HeroBP.uasset
[2017.05.17-15.24.37:346][818]BlueprintLog: New page: HeroBP 컴파일
[2017.05.17-15.24.49:653][164]LogTemp: Repeting last play command: 선택된 뷰포트
[2017.05.17-15.24.49:666][164]LogPlayLevel: PlayLevel: No blueprints needed recompiling
[2017.05.17-15.24.49:666][164]PIE: New page: PIE 세션: test (2017. 5. 18. 오전 9:24:49)
[2017.05.17-15.24.49:666][164]LogPlayLevel: Creating play world package: /Game/Levels/UEDPIE_0_test
[2017.05.17-15.24.49:668][164]LogPlayLevel: PIE: StaticDuplicateObject took: (0.002166s)
[2017.05.17-15.24.49:669][164]LogAIModule: Creating AISystem for world test
[2017.05.17-15.24.49:669][164]LogPlayLevel: PIE: World Init took: (0.001148s)
[2017.05.17-15.24.49:669][164]LogPlayLevel: PIE: Created PIE world by copying editor world from /Game/Levels/test.test to /Game/Levels/UEDPIE_0_test.test (0.003554s)
[2017.05.17-15.24.49:688][164]LogInit: XAudio2 using '스피커(Realtek High Definition Audio)' : 2 channels at 48 kHz using 32 bits per sample (channel mask 0x3)
[2017.05.17-15.24.49:704][164]LogInit: FAudioDevice initialized.
[2017.05.17-15.24.49:732][164]LogLoad: Game class is 'ShooterGameMode_C'
[2017.05.17-15.24.49:734][164]LogWorld: Bringing World /Game/Levels/UEDPIE_0_test.test up for play (max tick rate 0) at 2017.05.18-00.24.49
[2017.05.17-15.24.49:735][164]LogWorld: Bringing up level for play took: 0.001047
[2017.05.17-15.24.49:737][164]PIE: 정보 /Game/Levels/UEDPIE_0_test 에 대한 에디터에서 플레이 시작 시간: -0.573
[2017.05.17-15.25.02:425][538]BlueprintLog: New page: BulletBP 컴파일
[2017.05.17-15.25.11:167][455]BlueprintLog: New page: BulletBP 컴파일
[2017.05.17-15.25.13:333][652]LogMaterial: Missing cached shader map for material BulletMaterial, compiling. 
[2017.05.17-15.25.13:334][652]LogTemp:Display: Added material ShaderMap 0x00000211FF719600 with Material 0x00000212186AF600 to ShaderMapsBeingCompiled
[2017.05.17-15.25.13:343][652]LogTemp:Display: Kicking off shader compilation for BulletMaterial, GameThreadShaderMap 0x00000211FF719600
[2017.05.17-15.25.13:419][652]LogMaterial: Missing cached shader map for material BulletMaterial, compiling. 
[2017.05.17-15.25.13:420][652]LogTemp:Display: Added material ShaderMap 0x0000021219ECEE80 with Material 0x00000212186AF600 to ShaderMapsBeingCompiled
[2017.05.17-15.25.13:425][652]LogTemp:Display: Kicking off shader compilation for BulletMaterial, GameThreadShaderMap 0x0000021219ECEE80
[2017.05.17-15.25.13:425][652]LogMaterial: 0.00 seconds spent updating 1 materials, 1 interfaces, 0 instances, 0 with static permutations.
[2017.05.17-15.25.13:455][652]LogMaterial: Missing cached shader map for material FMatExpressionPreview MaterialExpressionConstant3Vector_0, compiling. 
[2017.05.17-15.25.13:455][652]LogTemp:Display: Added material ShaderMap 0x0000021219FE0B80 with Material 0x000002121978A500 to ShaderMapsBeingCompiled
[2017.05.17-15.25.13:457][652]LogTemp:Display: Kicking off shader compilation for FMatExpressionPreview MaterialExpressionConstant3Vector_0, GameThreadShaderMap 0x0000021219FE0B80
[2017.05.17-15.25.15:282][830]LogTemp:Display: Finished compile of shader map 0x0000021219FE0B80
[2017.05.17-15.25.15:282][830]LogTemp:Display: Shader map FMatExpressionPreview MaterialExpressionConstant3Vector_0 complete, GameThreadShaderMap 0x0000021219FE0B80, marking material FMatExpressionPreview MaterialExpressionConstant3Vector_0 as finished
[2017.05.17-15.25.15:282][830]LogTemp:Display: Marking material as finished 0x000002121978A500
[2017.05.17-15.25.15:508][856]LogTemp:Display: Finished compile of shader map 0x0000021219ECEE80
[2017.05.17-15.25.15:508][856]LogTemp:Display: Shader map BulletMaterial complete, GameThreadShaderMap 0x0000021219ECEE80, marking material BulletMaterial as finished
[2017.05.17-15.25.15:508][856]LogTemp:Display: Marking material as finished 0x00000212186AF600
[2017.05.17-15.25.15:517][857]MaterialEditorStats: 정보 Base pass shader without light map: 24 instructions
[2017.05.17-15.25.15:517][857]MaterialEditorStats: 정보 Vertex shader: 81 instructions
[2017.05.17-15.25.15:517][857]MaterialEditorStats: 정보 Texture samplers: 3/16
[2017.05.17-15.25.15:975][911]LogMaterial: Missing cached shader map for material BulletMaterial, compiling. 
[2017.05.17-15.25.15:975][911]LogTemp:Display: Added material ShaderMap 0x0000021222865D00 with Material 0x00000212186AF600 to ShaderMapsBeingCompiled
[2017.05.17-15.25.15:980][911]LogTemp:Display: Kicking off shader compilation for BulletMaterial, GameThreadShaderMap 0x0000021222865D00
[2017.05.17-15.25.15:980][911]LogMaterial: 0.00 seconds spent updating 1 materials, 1 interfaces, 0 instances, 0 with static permutations.
[2017.05.17-15.25.16:008][911]LogMaterial: Missing cached shader map for material FMatExpressionPreview MaterialExpressionConstant3Vector_0, compiling. 
[2017.05.17-15.25.16:008][911]LogTemp:Display: Added material ShaderMap 0x0000021219ECEE80 with Material 0x0000021222839000 to ShaderMapsBeingCompiled
[2017.05.17-15.25.16:011][911]LogTemp:Display: Kicking off shader compilation for FMatExpressionPreview MaterialExpressionConstant3Vector_0, GameThreadShaderMap 0x0000021219ECEE80
[2017.05.17-15.25.17:530][ 79]LogTemp:Display: Finished compile of shader map 0x0000021219ECEE80
[2017.05.17-15.25.17:530][ 79]LogTemp:Display: Shader map FMatExpressionPreview MaterialExpressionConstant3Vector_0 complete, GameThreadShaderMap 0x0000021219ECEE80, marking material FMatExpressionPreview MaterialExpressionConstant3Vector_0 as finished
[2017.05.17-15.25.17:530][ 79]LogTemp:Display: Marking material as finished 0x0000021222839000
[2017.05.17-15.25.17:644][ 91]LogTemp:Display: Finished compile of shader map 0x0000021222865D00
[2017.05.17-15.25.17:644][ 91]LogTemp:Display: Shader map BulletMaterial complete, GameThreadShaderMap 0x0000021222865D00, marking material BulletMaterial as finished
[2017.05.17-15.25.17:644][ 91]LogTemp:Display: Marking material as finished 0x00000212186AF600
[2017.05.17-15.25.17:654][ 92]MaterialEditorStats: 정보 Base pass shader without light map: 24 instructions
[2017.05.17-15.25.17:654][ 92]MaterialEditorStats: 정보 Vertex shader: 81 instructions
[2017.05.17-15.25.17:654][ 92]MaterialEditorStats: 정보 Texture samplers: 3/16
[2017.05.17-15.25.19:691][333]LogMaterialEditor: Saving and Compiling material BulletMaterial
[2017.05.17-15.25.20:351][333]LogMaterial: Missing cached shader map for material BulletMaterial, compiling. 
[2017.05.17-15.25.20:351][333]LogTemp:Display: Added material ShaderMap 0x0000021222864B80 with Material 0x00000212186AF600 to ShaderMapsBeingCompiled
[2017.05.17-15.25.20:361][333]LogTemp:Display: Kicking off shader compilation for BulletMaterial, GameThreadShaderMap 0x0000021222864B80
[2017.05.17-15.25.20:361][333]LogMaterial: 0.00 seconds spent updating 1 materials, 1 interfaces, 0 instances, 0 with static permutations.
[2017.05.17-15.25.20:385][333]LogMaterial: Missing cached shader map for material BulletMaterial, compiling. 
[2017.05.17-15.25.20:386][333]LogTemp:Display: Added material ShaderMap 0x0000021222AC5980 with Material 0x0000021222A2F400 to ShaderMapsBeingCompiled
[2017.05.17-15.25.20:393][333]LogTemp:Display: Kicking off shader compilation for BulletMaterial, GameThreadShaderMap 0x0000021222AC5980
[2017.05.17-15.25.20:398][333]LogMaterial: Missing cached shader map for material BulletMaterial, compiling. 
[2017.05.17-15.25.20:398][333]LogTemp:Display: Added material ShaderMap 0x0000021219ECD980 with Material 0x0000021222A2F400 to ShaderMapsBeingCompiled
[2017.05.17-15.25.20:404][333]LogTemp:Display: Kicking off shader compilation for BulletMaterial, GameThreadShaderMap 0x0000021219ECD980
[2017.05.17-15.25.20:405][333]LogMaterial: 0.00 seconds spent updating 1 materials, 1 interfaces, 0 instances, 0 with static permutations.
[2017.05.17-15.25.20:423][333]LogMaterial: Missing cached shader map for material FDebugViewModeMaterialProxy BulletMaterial, compiling. 
[2017.05.17-15.25.20:424][333]LogTemp:Display: Added material ShaderMap 0x0000021222896400 with Material 0x0000021222727100 to ShaderMapsBeingCompiled
[2017.05.17-15.25.20:759][333]LogTemp:Display: Finished compile of shader map 0x0000021222896400
[2017.05.17-15.25.20:759][333]LogTemp:Display: Shader map FDebugViewModeMaterialProxy BulletMaterial complete, GameThreadShaderMap 0x0000021222896400, marking material FDebugViewModeMaterialProxy BulletMaterial as finished
[2017.05.17-15.25.20:759][333]LogTemp:Display: Marking material as finished 0x0000021222727100
[2017.05.17-15.25.20:761][333]TextureStreamingBuild:Display: Compiling optional shaders took 0.341 seconds.
[2017.05.17-15.25.21:864][333]LogTemp:Display: Finished compile of shader map 0x0000021219ECD980
[2017.05.17-15.25.21:864][333]LogTemp:Display: Shader map BulletMaterial complete, GameThreadShaderMap 0x0000021219ECD980, marking material BulletMaterial as finished
[2017.05.17-15.25.21:864][333]LogTemp:Display: Marking material as finished 0x0000021222A2F400
[2017.05.17-15.25.21:870][333]LogTemp:Display: Finished compile of shader map 0x0000021222864B80
[2017.05.17-15.25.21:870][333]LogTemp:Display: Shader map BulletMaterial complete, GameThreadShaderMap 0x0000021222864B80, marking material BulletMaterial as finished
[2017.05.17-15.25.21:870][333]LogTemp:Display: Marking material as finished 0x00000212186AF600
[2017.05.17-15.25.21:912][333]Cmd: OBJ SAVEPACKAGE PACKAGE="/Game/Gun/BulletMaterial" FILE="../../../../../../Users/SiHyeon/Documents/Unreal Projects/exam2014184024/Content/Gun/BulletMaterial.uasset" SILENT=true
[2017.05.17-15.25.21:928][333]LogSavePackage: Save=10.92ms
[2017.05.17-15.25.21:928][333]LogSavePackage: Moving '../../../../../../Users/SiHyeon/Documents/Unreal Projects/exam2014184024/Saved/BulletMaterialB59A2D494BC15B7A6EF5A5AA7956D896.tmp' to '../../../../../../Users/SiHyeon/Documents/Unreal Projects/exam2014184024/Content/Gun/BulletMaterial.uasset'
[2017.05.17-15.25.21:933][333]LogSavePackage:Display: Finished SavePackage ../../../../../../Users/SiHyeon/Documents/Unreal Projects/exam2014184024/Content/Gun/BulletMaterial.uasset
[2017.05.17-15.25.33:844][708]LogActorComponent: UnregisterComponent: (/Engine/Transient.EditorFloorComp) Not registered. Aborting.
[2017.05.17-15.25.33:908][708]LogActorComponent: UnregisterComponent: (/Engine/Transient.EditorFloorComp) Not registered. Aborting.
[2017.05.17-15.25.35:027][824]Cmd: OBJ SAVEPACKAGE PACKAGE="/Game/Levels/test" FILE="../../../../../../Users/SiHyeon/Documents/Unreal Projects/exam2014184024/Content/Levels/test.umap" SILENT=true AUTOSAVING=false KEEPDIRTY=false
[2017.05.17-15.25.35:074][824]LogSavePackage: Save=27.94ms
[2017.05.17-15.25.35:074][824]LogSavePackage: Moving '../../../../../../Users/SiHyeon/Documents/Unreal Projects/exam2014184024/Saved/test31086E9843BF3712815D5097378FD484.tmp' to '../../../../../../Users/SiHyeon/Documents/Unreal Projects/exam2014184024/Content/Levels/test.umap'
[2017.05.17-15.25.35:077][824]LogSavePackage:Display: Finished SavePackage ../../../../../../Users/SiHyeon/Documents/Unreal Projects/exam2014184024/Content/Levels/test.umap
[2017.05.17-15.25.36:828][  8]LogTemp: Repeting last play command: 선택된 뷰포트
[2017.05.17-15.25.36:835][  8]LogPlayLevel: PlayLevel: No blueprints needed recompiling
[2017.05.17-15.25.36:835][  8]PIE: New page: PIE 세션: test (2017. 5. 18. 오전 9:25:36)
[2017.05.17-15.25.36:835][  8]LogPlayLevel: Creating play world package: /Game/Levels/UEDPIE_0_test
[2017.05.17-15.25.36:837][  8]LogPlayLevel: PIE: StaticDuplicateObject took: (0.001603s)
[2017.05.17-15.25.36:838][  8]LogAIModule: Creating AISystem for world test
[2017.05.17-15.25.36:838][  8]LogPlayLevel: PIE: World Init took: (0.000725s)
[2017.05.17-15.25.36:838][  8]LogPlayLevel: PIE: Created PIE world by copying editor world from /Game/Levels/test.test to /Game/Levels/UEDPIE_0_test.test (0.002495s)
[2017.05.17-15.25.36:851][  8]LogTemp:Display: Removed shader map 0x00000211FF719600 from material 0x00000212186AF600
[2017.05.17-15.25.36:859][  8]LogInit: XAudio2 using '스피커(Realtek High Definition Audio)' : 2 channels at 48 kHz using 32 bits per sample (channel mask 0x3)
[2017.05.17-15.25.36:879][  8]LogInit: FAudioDevice initialized.
[2017.05.17-15.25.36:908][  8]LogLoad: Game class is 'ShooterGameMode_C'
[2017.05.17-15.25.36:910][  8]LogWorld: Bringing World /Game/Levels/UEDPIE_0_test.test up for play (max tick rate 0) at 2017.05.18-00.25.36
[2017.05.17-15.25.36:910][  8]LogWorld: Bringing up level for play took: 0.000876
[2017.05.17-15.25.36:912][  8]PIE: 정보 /Game/Levels/UEDPIE_0_test 에 대한 에디터에서 플레이 시작 시간: 0.603
[2017.05.17-15.26.20:709][628]BlueprintLog: New page: HeroBP 컴파일
[2017.05.17-15.26.21:333][662]Cmd: OBJ SAVEPACKAGE PACKAGE="/Game/Hero/HeroBP" FILE="../../../../../../Users/SiHyeon/Documents/Unreal Projects/exam2014184024/Content/Hero/HeroBP.uasset" SILENT=true
[2017.05.17-15.26.21:379][662]LogSavePackage: Save=42.23ms
[2017.05.17-15.26.21:379][662]LogSavePackage: Moving '../../../../../../Users/SiHyeon/Documents/Unreal Projects/exam2014184024/Saved/HeroBP4627BFA54B230B4AFF8100915DBFFF81.tmp' to '../../../../../../Users/SiHyeon/Documents/Unreal Projects/exam2014184024/Content/Hero/HeroBP.uasset'
[2017.05.17-15.26.21:384][662]LogSavePackage:Display: Finished SavePackage ../../../../../../Users/SiHyeon/Documents/Unreal Projects/exam2014184024/Content/Hero/HeroBP.uasset
[2017.05.17-15.26.31:013][720]LogTemp: Repeting last play command: 선택된 뷰포트
[2017.05.17-15.26.31:022][720]LogPlayLevel: PlayLevel: No blueprints needed recompiling
[2017.05.17-15.26.31:022][720]PIE: New page: PIE 세션: test (2017. 5. 18. 오전 9:26:31)
[2017.05.17-15.26.31:022][720]LogPlayLevel: Creating play world package: /Game/Levels/UEDPIE_0_test
[2017.05.17-15.26.31:024][720]LogPlayLevel: PIE: StaticDuplicateObject took: (0.001427s)
[2017.05.17-15.26.31:025][720]LogAIModule: Creating AISystem for world test
[2017.05.17-15.26.31:025][720]LogPlayLevel: PIE: World Init took: (0.000861s)
[2017.05.17-15.26.31:025][720]LogPlayLevel: PIE: Created PIE world by copying editor world from /Game/Levels/test.test to /Game/Levels/UEDPIE_0_test.test (0.002555s)
[2017.05.17-15.26.31:043][720]LogInit: XAudio2 using '스피커(Realtek High Definition Audio)' : 2 channels at 48 kHz using 32 bits per sample (channel mask 0x3)
[2017.05.17-15.26.31:059][720]LogInit: FAudioDevice initialized.
[2017.05.17-15.26.31:086][720]LogLoad: Game class is 'ShooterGameMode_C'
[2017.05.17-15.26.31:089][720]LogWorld: Bringing World /Game/Levels/UEDPIE_0_test.test up for play (max tick rate 0) at 2017.05.18-00.26.31
[2017.05.17-15.26.31:089][720]LogWorld: Bringing up level for play took: 0.001024
[2017.05.17-15.26.31:091][720]PIE: 정보 /Game/Levels/UEDPIE_0_test 에 대한 에디터에서 플레이 시작 시간: 0.782
